  Array.cpp
  Background.cpp
C:\Users\demet\OneDrive\Asztali gép\Programok\SuperMario\headersAndSources\SDLhandling.hpp(7,10): fatal error C1083: Cannot open include file: 'SDL_image.h': No such file or directory
  Brick.cpp
C:\Users\demet\OneDrive\Asztali gép\Programok\SuperMario\headersAndSources\SDLhandling.hpp(7,10): fatal error C1083: Cannot open include file: 'SDL_image.h': No such file or directory
  Button.cpp
C:\Users\demet\OneDrive\Asztali gép\Programok\SuperMario\headersAndSources\SDLhandling.hpp(7,10): fatal error C1083: Cannot open include file: 'SDL_image.h': No such file or directory
  Chunk.cpp
C:\Users\demet\OneDrive\Asztali gép\Programok\SuperMario\headersAndSources\SDLhandling.hpp(7,10): fatal error C1083: Cannot open include file: 'SDL_image.h': No such file or directory
  Collection.cpp
C:\Users\demet\OneDrive\Asztali gép\Programok\SuperMario\headersAndSources\SDLhandling.hpp(7,10): fatal error C1083: Cannot open include file: 'SDL_image.h': No such file or directory
  Dirt.cpp
C:\Users\demet\OneDrive\Asztali gép\Programok\SuperMario\headersAndSources\SDLhandling.hpp(7,10): fatal error C1083: Cannot open include file: 'SDL_image.h': No such file or directory
  Entity.cpp
C:\Users\demet\OneDrive\Asztali gép\Programok\SuperMario\headersAndSources\SDLhandling.hpp(7,10): fatal error C1083: Cannot open include file: 'SDL_image.h': No such file or directory
  FireBall.cpp
C:\Users\demet\OneDrive\Asztali gép\Programok\SuperMario\headersAndSources\SDLhandling.hpp(7,10): fatal error C1083: Cannot open include file: 'SDL_image.h': No such file or directory
  Flower.cpp
C:\Users\demet\OneDrive\Asztali gép\Programok\SuperMario\headersAndSources\SDLhandling.hpp(7,10): fatal error C1083: Cannot open include file: 'SDL_image.h': No such file or directory
  Game.cpp
C:\Users\demet\OneDrive\Asztali gép\Programok\SuperMario\headersAndSources\SDLhandling.hpp(7,10): fatal error C1083: Cannot open include file: 'SDL_image.h': No such file or directory
  Goomba.cpp
C:\Users\demet\OneDrive\Asztali gép\Programok\SuperMario\headersAndSources\SDLhandling.hpp(7,10): fatal error C1083: Cannot open include file: 'SDL_image.h': No such file or directory
  Hitbox.cpp
  InvisibleWall.cpp
C:\Users\demet\OneDrive\Asztali gép\Programok\SuperMario\headersAndSources\SDLhandling.hpp(7,10): fatal error C1083: Cannot open include file: 'SDL_image.h': No such file or directory
  LuckyBrick.cpp
C:\Users\demet\OneDrive\Asztali gép\Programok\SuperMario\headersAndSources\SDLhandling.hpp(7,10): fatal error C1083: Cannot open include file: 'SDL_image.h': No such file or directory
  Map.cpp
C:\Users\demet\OneDrive\Asztali gép\Programok\SuperMario\headersAndSources\SDLhandling.hpp(7,10): fatal error C1083: Cannot open include file: 'SDL_image.h': No such file or directory
  Menu.cpp
C:\Users\demet\OneDrive\Asztali gép\Programok\SuperMario\headersAndSources\SDLhandling.hpp(7,10): fatal error C1083: Cannot open include file: 'SDL_image.h': No such file or directory
  Mouse.cpp
  Mushroom.cpp
C:\Users\demet\OneDrive\Asztali gép\Programok\SuperMario\headersAndSources\SDLhandling.hpp(7,10): fatal error C1083: Cannot open include file: 'SDL_image.h': No such file or directory
  Obstacle.cpp
C:\Users\demet\OneDrive\Asztali gép\Programok\SuperMario\headersAndSources\SDLhandling.hpp(7,10): fatal error C1083: Cannot open include file: 'SDL_image.h': No such file or directory
  Compiling...
  Pipe.cpp
C:\Users\demet\OneDrive\Asztali gép\Programok\SuperMario\headersAndSources\SDLhandling.hpp(7,10): fatal error C1083: Cannot open include file: 'SDL_image.h': No such file or directory
  PiranhaPlant.cpp
C:\Users\demet\OneDrive\Asztali gép\Programok\SuperMario\headersAndSources\SDLhandling.hpp(7,10): fatal error C1083: Cannot open include file: 'SDL_image.h': No such file or directory
  Pit.cpp
C:\Users\demet\OneDrive\Asztali gép\Programok\SuperMario\headersAndSources\SDLhandling.hpp(7,10): fatal error C1083: Cannot open include file: 'SDL_image.h': No such file or directory
  Player.cpp
C:\Users\demet\OneDrive\Asztali gép\Programok\SuperMario\headersAndSources\SDLhandling.hpp(7,10): fatal error C1083: Cannot open include file: 'SDL_image.h': No such file or directory
  SDLhandling.cpp
C:\Users\demet\OneDrive\Asztali gép\Programok\SuperMario\headersAndSources\SDLhandling.hpp(7,10): fatal error C1083: Cannot open include file: 'SDL_image.h': No such file or directory
  Spawner.cpp
C:\Users\demet\OneDrive\Asztali gép\Programok\SuperMario\headersAndSources\SDLhandling.hpp(7,10): fatal error C1083: Cannot open include file: 'SDL_image.h': No such file or directory
  SuperMario.cpp
C:\Users\demet\OneDrive\Asztali gép\Programok\SuperMario\headersAndSources\SDLhandling.hpp(7,10): fatal error C1083: Cannot open include file: 'SDL_image.h': No such file or directory
